<?xml version="1.0" encoding="UTF-8"?>
<testsuite xmlns:xsi="http://www.w3.org/2001/XMLSchema-instance" xsi:noNamespaceSchemaLocation="https://maven.apache.org/surefire/maven-surefire-plugin/xsd/surefire-test-report-3.0.xsd" version="3.0" name="com.pruebas.windsurf.common.facade.usuario.register.GsRegisterUsuarioPremiumFacadeTest" time="0.219" tests="1" errors="0" skipped="0" failures="0">
  <properties>
[...]
</properties>
  <testcase name="registrar_simulaSistemaExternoYDevuelveDominioEnriquecido" classname="com.pruebas.windsurf.common.facade.usuario.register.GsRegisterUsuarioPremiumFacadeTest" time="0.208"/>
</testsuite>